INFO:root:--------------------Logger Initiated--------------------
INFO:root:1 Facebook tokens loaded from file
INFO:urllib3.connectionpool:Starting new HTTPS connection (1): api.happn.fr
INFO:root:Fetched Happn OAuth token:, b62e4fca8ab552097477892e3471a9ae02
INFO:root:Happn User Generated. ID: 1830653747
INFO:root:Completed sybil generation
INFO:urllib3.connectionpool:Starting new HTTPS connection (1): api.happn.fr
INFO:root:Device Set
INFO:urllib3.connectionpool:Starting new HTTPS connection (1): api.happn.fr
WARNING:root:Server denied request for position change: Too Many Requests,
                                will revert to server known location
INFO:root:--------------------Logger Initiated--------------------
INFO:root:1 Facebook tokens loaded from file
INFO:urllib3.connectionpool:Starting new HTTPS connection (1): api.happn.fr
INFO:root:Fetched Happn OAuth token:, 3e99b50246cebc3ef4d313f617d05c0602
INFO:root:Happn User Generated. ID: 1830653747
INFO:root:Completed sybil generation
INFO:urllib3.connectionpool:Starting new HTTPS connection (1): api.happn.fr
INFO:root:Device Set
INFO:urllib3.connectionpool:Starting new HTTPS connection (1): api.happn.fr
WARNING:root:Server denied request for position change: Too Many Requests,
                                will revert to server known location
INFO:root:--------------------Logger Initiated--------------------
INFO:root:1 Facebook tokens loaded from file
INFO:urllib3.connectionpool:Starting new HTTPS connection (1): api.happn.fr
INFO:root:Fetched Happn OAuth token:, d1d22bb1079ebebe96a9ce7ea12cb92102
INFO:root:Happn User Generated. ID: 1830653747
INFO:root:Completed sybil generation
INFO:urllib3.connectionpool:Starting new HTTPS connection (1): api.happn.fr
INFO:root:Device Set
INFO:urllib3.connectionpool:Starting new HTTPS connection (1): api.happn.fr
WARNING:root:Server denied request for position change: Too Many Requests,
                                will revert to server known location
INFO:urllib3.connectionpool:Starting new HTTPS connection (1): api.happn.fr
INFO:root:Device Set
INFO:urllib3.connectionpool:Starting new HTTPS connection (1): api.happn.fr
WARNING:root:Server denied request for position change: Too Many Requests,
                                will revert to server known location
INFO:urllib3.connectionpool:Starting new HTTPS connection (1): api.happn.fr
INFO:root:Device Set
INFO:urllib3.connectionpool:Starting new HTTPS connection (1): api.happn.fr
WARNING:root:Server denied request for position change: Too Many Requests,
                                will revert to server known location
INFO:urllib3.connectionpool:Starting new HTTPS connection (1): api.happn.fr
INFO:root:Device Set
INFO:urllib3.connectionpool:Starting new HTTPS connection (1): api.happn.fr
WARNING:root:Server denied request for position change: Too Many Requests,
                                will revert to server known location
